28.10.2015 10:01:40 (ERROR): Поток 1 Ошибка CreateExcelReport_host
The communication object, System.ServiceModel.Channels.ServiceChannel, cannot be used for communication because it is in the Faulted state.
. 
28.10.2015 10:06:49 (ERROR): Поток 8 Ошибка CalcChargeLs  
 The socket connection was aborted. This could be caused by an error processing your message or a receive timeout being exceeded by the remote host, or an underlying network resource issue. Local socket timeout was '00:24:59.9989999'.
. 
28.10.2015 13:39:43 (ERROR): Поток 11 Ошибка CalcChargeLs  
 The socket connection was aborted. This could be caused by an error processing your message or a receive timeout being exceeded by the remote host, or an underlying network resource issue. Local socket timeout was '00:25:00'.
. 
28.10.2015 13:43:53 (ERROR): Поток 12 Ошибка CalcChargeLs  
 The socket connection was aborted. This could be caused by an error processing your message or a receive timeout being exceeded by the remote host, or an underlying network resource issue. Local socket timeout was '00:24:59.9990000'.
. 
28.10.2015 13:45:04 (ERROR): Поток 6 Ошибка CalcChargeLs  
 The socket connection was aborted. This could be caused by an error processing your message or a receive timeout being exceeded by the remote host, or an underlying network resource issue. Local socket timeout was '00:24:59.9990000'.
. 
28.10.2015 13:46:23 (ERROR): Поток 11 Ошибка CalcChargeLs  
 The socket connection was aborted. This could be caused by an error processing your message or a receive timeout being exceeded by the remote host, or an underlying network resource issue. Local socket timeout was '00:25:00'.
. 
28.10.2015 13:49:35 (ERROR): Поток 6 Ошибка CalcChargeLs  
 The socket connection was aborted. This could be caused by an error processing your message or a receive timeout being exceeded by the remote host, or an underlying network resource issue. Local socket timeout was '00:24:59.9989999'.
. 
28.10.2015 13:50:57 (ERROR): Поток 11 Ошибка CalcChargeLs  
 The socket connection was aborted. This could be caused by an error processing your message or a receive timeout being exceeded by the remote host, or an underlying network resource issue. Local socket timeout was '00:24:59.9989999'.
. 
28.10.2015 14:12:16 (ERROR): Поток 15 Ошибка CalcChargeLs  
 The socket connection was aborted. This could be caused by an error processing your message or a receive timeout being exceeded by the remote host, or an underlying network resource issue. Local socket timeout was '00:24:59.9489970'.
. 
28.10.2015 14:13:52 (ERROR): Поток 12 Ошибка CalcChargeLs  
 The socket connection was aborted. This could be caused by an error processing your message or a receive timeout being exceeded by the remote host, or an underlying network resource issue. Local socket timeout was '00:24:59.9979998'.
. 
28.10.2015 14:17:57 (ERROR): Поток 13 Ошибка CalcChargeLs  
 The socket connection was aborted. This could be caused by an error processing your message or a receive timeout being exceeded by the remote host, or an underlying network resource issue. Local socket timeout was '00:25:00'.
. 
28.10.2015 14:24:44 (ERROR): Поток 6 Ошибка CalcChargeLs  
 The socket connection was aborted. This could be caused by an error processing your message or a receive timeout being exceeded by the remote host, or an underlying network resource issue. Local socket timeout was '00:25:00'.
. 
28.10.2015 15:05:47 (ERROR): Поток 8 Ошибка CalcChargeLs  
 The socket connection was aborted. This could be caused by an error processing your message or a receive timeout being exceeded by the remote host, or an underlying network resource issue. Local socket timeout was '00:24:59.9989999'.
. 
28.10.2015 15:12:51 (ERROR): Поток 16 Ошибка CalcChargeLs  
 The socket connection was aborted. This could be caused by an error processing your message or a receive timeout being exceeded by the remote host, or an underlying network resource issue. Local socket timeout was '00:24:59.9989999'.
. 
28.10.2015 15:19:28 (ERROR): Поток 8 Ошибка CalcChargeLs  
 The socket connection was aborted. This could be caused by an error processing your message or a receive timeout being exceeded by the remote host, or an underlying network resource issue. Local socket timeout was '00:24:59.9639979'.
. 
28.10.2015 15:31:18 (ERROR): Поток 9 Ошибка CalcChargeLs  
 Error while reading message framing format at position 2 of stream (state: Start)
. 
28.10.2015 15:33:32 (ERROR): Поток 11 Ошибка CalcChargeLs  
 The socket connection was aborted. This could be caused by an error processing your message or a receive timeout being exceeded by the remote host, or an underlying network resource issue. Local socket timeout was '00:24:59.9990000'.
. 
28.10.2015 15:45:43 (ERROR): Поток 16 Ошибка CalcChargeLs  
 The socket connection was aborted. This could be caused by an error processing your message or a receive timeout being exceeded by the remote host, or an underlying network resource issue. Local socket timeout was '00:24:59.9990000'.
. 
28.10.2015 15:55:55 (ERROR): Поток 9 Ошибка CalcChargeLs  
 The socket connection was aborted. This could be caused by an error processing your message or a receive timeout being exceeded by the remote host, or an underlying network resource issue. Local socket timeout was '00:24:59.9989999'.
. 
28.10.2015 15:57:57 (ERROR): Поток 9 Ошибка CalcChargeLs  
 The socket connection was aborted. This could be caused by an error processing your message or a receive timeout being exceeded by the remote host, or an underlying network resource issue. Local socket timeout was '00:24:59.9989999'.
. 
28.10.2015 16:03:30 (ERROR): Поток 11 Ошибка CalcChargeLs  
 The socket connection was aborted. This could be caused by an error processing your message or a receive timeout being exceeded by the remote host, or an underlying network resource issue. Local socket timeout was '00:24:59.9990000'.
. 
28.10.2015 16:20:19 (ERROR): Поток 12 Ошибка CalcChargeLs  
 The socket connection was aborted. This could be caused by an error processing your message or a receive timeout being exceeded by the remote host, or an underlying network resource issue. Local socket timeout was '00:24:59.9359963'.
. 
28.10.2015 16:23:48 (ERROR): Поток 16 Ошибка CalcChargeLs  
 The socket connection was aborted. This could be caused by an error processing your message or a receive timeout being exceeded by the remote host, or an underlying network resource issue. Local socket timeout was '00:24:59.9989999'.
. 
28.10.2015 16:38:50 (ERROR): Поток 6 Ошибка CalcChargeLs  
 Error while reading message framing format at position 2 of stream (state: Start)
. 
28.10.2015 16:40:12 (ERROR): Поток 6 Ошибка CalcChargeLs  
 Error while reading message framing format at position 2 of stream (state: Start)
. 
28.10.2015 17:02:58 (ERROR): Поток 9 Ошибка CalcChargeLs  
 Error while reading message framing format at position 2 of stream (state: Start)
. 
28.10.2015 17:11:40 (ERROR): Поток 13 Ошибка CalcChargeLs  
 The socket connection was aborted. This could be caused by an error processing your message or a receive timeout being exceeded by the remote host, or an underlying network resource issue. Local socket timeout was '00:24:59.9990000'.
. 
