11.01.2016 09:42:18 (INFO): Поток 1 Старт web-приложения
.
11.01.2016 09:42:19 (INFO): Поток 1 Старт web-приложения

Хост-адрес: net.tcp://localhost:8008/srv
Кэш: localhost@tlt_301115_2  ()
Логин: Administrator
Директория с отчетами: C:\PROJECTS\KP50 History\WEB\WebKomplat5\files\reports/
Версия сборки: 2015.064.0111.0942 от 02.11.2015(104).
11.01.2016 10:48:36 (INFO): Поток 1 Старт web-приложения
.
11.01.2016 10:48:37 (INFO): Поток 1 Старт web-приложения

Хост-адрес: net.tcp://localhost:8008/srv
Кэш: 192.168.222.135@tula_test  ()
Логин: Administrator
Директория с отчетами: C:\PROJECTS\KP50 History\WEB\WebKomplat5\files\reports/
Версия сборки: 2015.064.0111.1048 от 02.11.2015(104).
11.01.2016 11:33:45 (INFO): Поток 1 Старт web-приложения
.
11.01.2016 11:33:46 (INFO): Поток 1 Старт web-приложения

Хост-адрес: net.tcp://localhost:8008/srv
Кэш: 192.168.222.135@tula_test  ()
Логин: Administrator
Директория с отчетами: C:\PROJECTS\KP50 History\WEB\WebKomplat5\files\reports/
Версия сборки: 2015.064.0111.1133 от 02.11.2015(104).
