24.11.2015 14:44:27 (INFO): Поток 1 Старт web-приложения
.
24.11.2015 14:44:29 (INFO): Поток 1 Старт web-приложения

Хост-адрес: net.tcp://localhost:8008/srv
Кэш: 192.168.222.135@tula_test  ()
Логин: Administrator
Директория с отчетами: C:\PROJECTS\KP50 History\WEB\WebKomplat5\files\reports/
Версия сборки: 2015.064.1124.1444 от 02.11.2015(104).
24.11.2015 18:34:03 (INFO): Поток 1 Старт web-приложения
.
24.11.2015 18:34:04 (INFO): Поток 1 Старт web-приложения

Хост-адрес: net.tcp://localhost:8008/srv
Кэш: linepg@sam_etalon  ()
Логин: Administrator
Директория с отчетами: C:\PROJECTS\KP50 History\WEB\WebKomplat5\files\reports/
Версия сборки: 2015.064.1124.1834 от 29.06.2015.
24.11.2015 18:34:44 (INFO): Поток 1 Старт web-приложения
.
24.11.2015 18:34:45 (INFO): Поток 1 Старт web-приложения

Хост-адрес: net.tcp://localhost:8008/srv
Кэш: linepg@sam_etalon  ()
Логин: Administrator
Директория с отчетами: C:\PROJECTS\KP50 History\WEB\WebKomplat5\files\reports/
Версия сборки: 2015.064.1124.1834 от 29.06.2015.
24.11.2015 18:38:53 (INFO): Поток 1 Старт web-приложения
.
24.11.2015 18:38:55 (INFO): Поток 1 Старт web-приложения

Хост-адрес: net.tcp://localhost:8008/srv
Кэш: localhost@tlt_131015  ()
Логин: Administrator
Директория с отчетами: C:\PROJECTS\Billing.GKH.KP50\Dev\WEB\WebKomplat5\files\reports/
Версия сборки: 2015.064.1124.1838 от 29.06.2015.
