12.10.2015 10:20:42 (INFO): Поток 1 Старт web-приложения
.
12.10.2015 10:20:43 (INFO): Поток 1 Старт web-приложения

Хост-адрес: net.tcp://localhost:8008/srv
Кэш: 192.168.222.135@tula_test  ()
Логин: Administrator
Директория с отчетами: C:\PROJECTS\KP50 History\WEB\WebKomplat5\files\reports/
Версия сборки: 2015.064.1012.1020 от 29.06.2015.
12.10.2015 11:48:01 (INFO): Поток 1 Старт web-приложения
.
12.10.2015 11:48:02 (INFO): Поток 1 Старт web-приложения

Хост-адрес: net.tcp://localhost:8008/srv
Кэш: 192.168.222.135@tula_test  ()
Логин: Administrator
Директория с отчетами: C:\PROJECTS\KP50 History\WEB\WebKomplat5\files\reports/
Версия сборки: 2015.064.1012.1148 от 29.06.2015.
12.10.2015 13:35:21 (INFO): Поток 1 Старт web-приложения
.
12.10.2015 13:35:22 (INFO): Поток 1 Старт web-приложения

Хост-адрес: net.tcp://localhost:8008/srv
Кэш: 192.168.222.135@tula_test  ()
Логин: Administrator
Директория с отчетами: C:\PROJECTS\KP50 History\WEB\WebKomplat5\files\reports/
Версия сборки: 2015.064.1012.1335 от 29.06.2015.
