16.11.2015 11:01:53 (INFO): Поток 1 Старт web-приложения
.
16.11.2015 11:01:54 (INFO): Поток 1 Старт web-приложения

Хост-адрес: net.tcp://localhost:8008/srv
Кэш: 192.168.222.135@tula_test  ()
Логин: Administrator
Директория с отчетами: C:\PROJECTS\KP50 History\WEB\WebKomplat5\files\reports/
Версия сборки: 2015.064.1116.1101 от 02.11.2015(104).
16.11.2015 11:40:10 (INFO): Поток 1 Старт web-приложения
.
16.11.2015 11:40:11 (INFO): Поток 1 Старт web-приложения

Хост-адрес: net.tcp://localhost:8008/srv
Кэш: 192.168.222.135@tula_test  ()
Логин: Administrator
Директория с отчетами: C:\PROJECTS\KP50 History\WEB\WebKomplat5\files\reports/
Версия сборки: 2015.064.1116.1140 от 22.10.2015(103).
16.11.2015 11:40:17 (INFO): Поток 11 Остановка приложения.
16.11.2015 11:40:17 (INFO): Поток 5 Старт web-приложения
.
16.11.2015 11:40:18 (INFO): Поток 5 Старт web-приложения

Хост-адрес: net.tcp://localhost:8008/srv
Кэш: 192.168.222.135@tula_test  ()
Логин: Administrator
Директория с отчетами: C:\PROJECTS\KP50 History\WEB\WebKomplat5\files\reports/
Версия сборки: 2015.064.1116.1140 от 22.10.2015(103).
