03.12.2015 11:19:36 (INFO): Поток 1 Старт web-приложения
.
03.12.2015 11:19:41 (INFO): Поток 1 Старт web-приложения

Хост-адрес: net.tcp://localhost:8008/srv
Кэш: 192.168.222.135@tula_test  ()
Логин: Administrator
Директория с отчетами: C:\PROJECTS\KP50 History\WEB\WebKomplat5\files\reports/
Версия сборки: 2015.064.1203.1119 от 02.11.2015(104).
03.12.2015 16:21:36 (INFO): Поток 1 Старт web-приложения
.
03.12.2015 16:21:37 (INFO): Поток 1 Старт web-приложения

Хост-адрес: net.tcp://localhost:8008/srv
Кэш: 192.168.222.135@tula_test  ()
Логин: Administrator
Директория с отчетами: C:\PROJECTS\KP50 History\WEB\WebKomplat5\files\reports/
Версия сборки: 2015.064.1203.1621 от 02.11.2015(104).
03.12.2015 16:58:24 (INFO): Поток 1 Старт web-приложения
.
03.12.2015 16:58:27 (INFO): Поток 1 Старт web-приложения

Хост-адрес: net.tcp://localhost:8008/srv
Кэш: 192.168.222.135@tula_test  ()
Логин: Administrator
Директория с отчетами: C:\PROJECTS\KP50 History\WEB\WebKomplat5\files\reports/
Версия сборки: 2015.064.1203.1658 от 02.11.2015(104).
03.12.2015 17:44:01 (INFO): Поток 5 Остановка приложения.
