07.10.2015 14:57:44 (INFO): Поток 1 Старт web-приложения
.
07.10.2015 14:57:46 (INFO): Поток 1 Старт web-приложения

Хост-адрес: net.tcp://localhost:8008/srv
Кэш: 192.168.222.135@tula_test  ()
Логин: Administrator
Директория с отчетами: C:\PROJECTS\KP50 History\WEB\WebKomplat5\files\reports/
Версия сборки: 2015.064.1007.1457 от 29.06.2015.
07.10.2015 14:59:12 (INFO): Поток 1 Старт web-приложения
.
07.10.2015 14:59:13 (INFO): Поток 1 Старт web-приложения

Хост-адрес: net.tcp://localhost:8008/srv
Кэш: 192.168.222.135@tula_test  ()
Логин: Administrator
Директория с отчетами: C:\PROJECTS\KP50 History\WEB\WebKomplat5\files\reports/
Версия сборки: 2015.064.1007.1459 от 29.06.2015.
07.10.2015 15:21:42 (INFO): Поток 1 Старт web-приложения
.
07.10.2015 15:21:43 (INFO): Поток 1 Старт web-приложения

Хост-адрес: net.tcp://localhost:8008/srv
Кэш: 192.168.222.135@tula_test  ()
Логин: Administrator
Директория с отчетами: C:\PROJECTS\KP50 History\WEB\WebKomplat5\files\reports/
Версия сборки: 2015.064.1007.1521 от 29.06.2015.
07.10.2015 20:00:48 (INFO): Поток 1 Старт web-приложения
.
07.10.2015 20:00:49 (INFO): Поток 1 Старт web-приложения

Хост-адрес: net.tcp://localhost:8008/srv
Кэш: 192.168.222.135@tula_test  ()
Логин: Administrator
Директория с отчетами: C:\PROJECTS\KP50 History\WEB\WebKomplat5\files\reports/
Версия сборки: 2015.064.1007.2000 от 29.06.2015.
