27.10.2015 10:49:14 (INFO): Поток 1 Старт web-приложения
.
27.10.2015 10:49:15 (INFO): Поток 1 Старт web-приложения

Хост-адрес: net.tcp://localhost:8008/srv
Кэш: 192.168.222.135@tula_test  ()
Логин: Administrator
Директория с отчетами: C:\PROJECTS\KP50 History\WEB\WebKomplat5\files\reports/
Версия сборки: 2015.064.1027.1049 от 29.06.2015.
27.10.2015 11:06:04 (INFO): Поток 1 Старт web-приложения
.
27.10.2015 11:06:06 (INFO): Поток 1 Старт web-приложения

Хост-адрес: net.tcp://localhost:8008/srv
Кэш: localhost@tlt_131015  ()
Логин: Administrator
Директория с отчетами: C:\PROJECTS\Billing.GKH.KP50\Dev\WEB\WebKomplat5\files\reports/
Версия сборки: 2015.064.1027.1106 от 29.06.2015.
27.10.2015 11:24:13 (INFO): Поток 1 Старт web-приложения
.
27.10.2015 11:24:13 (INFO): Поток 1 Старт web-приложения

Хост-адрес: net.tcp://localhost:8008/srv
Кэш: localhost@tlt_131015  ()
Логин: Administrator
Директория с отчетами: C:\PROJECTS\Billing.GKH.KP50\Dev\WEB\WebKomplat5\files\reports/
Версия сборки: 2015.064.1027.1124 от 29.06.2015.
27.10.2015 14:41:38 (INFO): Поток 1 Старт web-приложения
.
27.10.2015 14:41:42 (INFO): Поток 1 Старт web-приложения

Хост-адрес: net.tcp://localhost:8008/srv
Кэш: 192.168.222.135@tula_test  ()
Логин: Administrator
Директория с отчетами: C:\PROJECTS\KP50 History\WEB\WebKomplat5\files\reports/
Версия сборки: 2015.064.1027.1441 от 29.06.2015.
27.10.2015 15:19:44 (INFO): Поток 1 Старт web-приложения
.
27.10.2015 15:19:46 (INFO): Поток 1 Старт web-приложения

Хост-адрес: net.tcp://localhost:8008/srv
Кэш: 192.168.222.135@tula_test  ()
Логин: Administrator
Директория с отчетами: C:\PROJECTS\KP50 History\WEB\WebKomplat5\files\reports/
Версия сборки: 2015.064.1027.1519 от 29.06.2015.
27.10.2015 15:24:28 (INFO): Поток 1 Старт web-приложения
.
27.10.2015 15:24:30 (INFO): Поток 1 Старт web-приложения

Хост-адрес: net.tcp://localhost:8008/srv
Кэш: localhost@sam_280515  ()
Логин: Administrator
Директория с отчетами: C:\PROJECTS\Billing.GKH.KP50\Dev\WEB\WebKomplat5\files\reports/
Версия сборки: 2015.064.1027.1524 от 29.06.2015.
