07.12.2015 09:32:56 (INFO): Поток 1 Старт web-приложения
.
07.12.2015 09:32:58 (INFO): Поток 1 Старт web-приложения

Хост-адрес: net.tcp://localhost:8008/srv
Кэш: localhost@tlt_131015  ()
Логин: Administrator
Директория с отчетами: C:\PROJECTS\Billing.GKH.KP50\Dev\WEB\WebKomplat5\files\reports/
Версия сборки: 2015.064.1207.0932 от 02.11.2015(104).
07.12.2015 09:34:07 (INFO): Поток 1 Старт web-приложения
.
07.12.2015 09:34:08 (INFO): Поток 1 Старт web-приложения

Хост-адрес: net.tcp://localhost:8008/srv
Кэш: localhost@tlt_131015  ()
Логин: Administrator
Директория с отчетами: C:\PROJECTS\Billing.GKH.KP50\Dev\WEB\WebKomplat5\files\reports/
Версия сборки: 2015.064.1207.0934 от 02.11.2015(104).
07.12.2015 13:47:41 (INFO): Поток 1 Старт web-приложения
.
07.12.2015 13:47:42 (INFO): Поток 1 Старт web-приложения

Хост-адрес: net.tcp://localhost:8008/srv
Кэш: localhost@tlt_131015  ()
Логин: Administrator
Директория с отчетами: C:\PROJECTS\Billing.GKH.KP50\Dev\WEB\WebKomplat5\files\reports/
Версия сборки: 2015.064.1207.1347 от 02.11.2015(104).
