29.12.2015 09:31:17 (INFO): Поток 12 Остановка приложения.
29.12.2015 10:12:36 (INFO): Поток 1 Старт web-приложения
.
29.12.2015 10:12:37 (INFO): Поток 1 Старт web-приложения

Хост-адрес: net.tcp://localhost:8008/srv
Кэш: localhost@tlt_301115  ()
Логин: Administrator
Директория с отчетами: C:\PROJECTS\KP50 History\WEB\WebKomplat5\files\reports/
Версия сборки: 2015.064.1229.1012 от 02.11.2015(104).
29.12.2015 11:40:45 (INFO): Поток 1 Старт web-приложения
.
29.12.2015 11:40:47 (INFO): Поток 1 Старт web-приложения

Хост-адрес: net.tcp://localhost:8008/srv
Кэш: localhost@tlt_301115  ()
Логин: Administrator
Директория с отчетами: C:\PROJECTS\KP50 History\WEB\WebKomplat5\files\reports/
Версия сборки: 2015.064.1229.1140 от 02.11.2015(104).
29.12.2015 11:46:02 (INFO): Поток 1 Старт web-приложения
.
29.12.2015 11:46:02 (INFO): Поток 1 Старт web-приложения

Хост-адрес: net.tcp://localhost:8008/srv
Кэш: localhost@tlt_301115  ()
Логин: Administrator
Директория с отчетами: C:\PROJECTS\KP50 History\WEB\WebKomplat5\files\reports/
Версия сборки: 2015.064.1229.1146 от 02.11.2015(104).
29.12.2015 12:14:25 (INFO): Поток 1 Старт web-приложения
.
29.12.2015 12:14:27 (INFO): Поток 1 Старт web-приложения

Хост-адрес: net.tcp://localhost:8008/srv
Кэш: localhost@tlt_301115  ()
Логин: Administrator
Директория с отчетами: C:\PROJECTS\KP50 History\WEB\WebKomplat5\files\reports/
Версия сборки: 2015.064.1229.1214 от 02.11.2015(104).
29.12.2015 12:18:20 (INFO): Поток 1 Старт web-приложения
.
29.12.2015 12:18:21 (INFO): Поток 1 Старт web-приложения

Хост-адрес: net.tcp://localhost:8008/srv
Кэш: localhost@tlt_131015  ()
Логин: Administrator
Директория с отчетами: C:\PROJECTS\Billing.GKH.KP50\Dev\WEB\WebKomplat5\files\reports/
Версия сборки: 2015.064.1229.1218 от 02.11.2015(104).
29.12.2015 16:27:33 (INFO): Поток 1 Старт web-приложения
.
29.12.2015 16:27:33 (INFO): Поток 1 Старт web-приложения

Хост-адрес: net.tcp://localhost:8008/srv
Кэш: localhost@tlt_131015  ()
Логин: Administrator
Директория с отчетами: C:\PROJECTS\Billing.GKH.KP50\Dev\WEB\WebKomplat5\files\reports/
Версия сборки: 2015.064.1229.1627 от 29.06.2015.
29.12.2015 16:31:03 (INFO): Поток 10 Остановка приложения.
29.12.2015 16:31:36 (INFO): Поток 1 Старт web-приложения
.
29.12.2015 16:31:37 (INFO): Поток 1 Старт web-приложения

Хост-адрес: net.tcp://localhost:8008/srv
Кэш: localhost@tlt_131015  ()
Логин: Administrator
Директория с отчетами: C:\PROJECTS\Billing.GKH.KP50\Dev\WEB\WebKomplat5\files\reports/
Версия сборки: 2015.064.1229.1631 от 29.06.2015.
29.12.2015 16:42:55 (INFO): Поток 1 Старт web-приложения
.
29.12.2015 16:42:56 (INFO): Поток 1 Старт web-приложения

Хост-адрес: net.tcp://localhost:8008/srv
Кэш: localhost@tlt_131015  ()
Логин: Administrator
Директория с отчетами: C:\PROJECTS\Billing.GKH.KP50\Dev\WEB\WebKomplat5\files\reports/
Версия сборки: 2015.064.1229.1642 от 29.06.2015.
29.12.2015 17:24:58 (INFO): Поток 1 Старт web-приложения
.
29.12.2015 17:24:59 (INFO): Поток 1 Старт web-приложения

Хост-адрес: net.tcp://localhost:8008/srv
Кэш: localhost@tlt_301115  ()
Логин: Administrator
Директория с отчетами: C:\PROJECTS\KP50 History\WEB\WebKomplat5\files\reports/
Версия сборки: 2015.064.1229.1724 от 29.06.2015.
29.12.2015 20:05:27 (INFO): Поток 1 Старт web-приложения
.
29.12.2015 20:05:29 (INFO): Поток 1 Старт web-приложения

Хост-адрес: net.tcp://localhost:8008/srv
Кэш: localhost@tlt_301115  ()
Логин: Administrator
Директория с отчетами: C:\PROJECTS\KP50 History\WEB\WebKomplat5\files\reports/
Версия сборки: 2015.064.1229.2005 от 02.11.2015(104).
29.12.2015 20:09:51 (INFO): Поток 1 Старт web-приложения
.
29.12.2015 20:09:51 (INFO): Поток 1 Старт web-приложения

Хост-адрес: net.tcp://localhost:8008/srv
Кэш: localhost@tlt_301115  ()
Логин: Administrator
Директория с отчетами: C:\PROJECTS\KP50 History\WEB\WebKomplat5\files\reports/
Версия сборки: 2015.064.1229.2009 от 02.11.2015(104).
