02.12.2015 09:20:48 (INFO): Поток 1 Старт web-приложения
.
02.12.2015 09:20:50 (INFO): Поток 1 Старт web-приложения

Хост-адрес: net.tcp://localhost:8008/srv
Кэш: localhost@tlt_301115  ()
Логин: Administrator
Директория с отчетами: C:\PROJECTS\KP50 History\WEB\WebKomplat5\files\reports/
Версия сборки: 2015.064.1202.0920 от 29.06.2015.
02.12.2015 09:38:52 (INFO): Поток 14 Остановка приложения.
02.12.2015 09:46:25 (INFO): Поток 1 Старт web-приложения
.
02.12.2015 09:46:26 (INFO): Поток 1 Старт web-приложения

Хост-адрес: net.tcp://localhost:8008/srv
Кэш: 192.168.222.135@tula_test  ()
Логин: Administrator
Директория с отчетами: C:\PROJECTS\KP50 History\WEB\WebKomplat5\files\reports/
Версия сборки: 2015.064.1202.0946 от 02.11.2015(104).
02.12.2015 10:29:07 (INFO): Поток 10 Остановка приложения.
02.12.2015 10:46:26 (INFO): Поток 1 Старт web-приложения
.
02.12.2015 10:46:28 (INFO): Поток 1 Старт web-приложения

Хост-адрес: net.tcp://localhost:8008/srv
Кэш: 192.168.222.135@tula_test  ()
Логин: Administrator
Директория с отчетами: C:\PROJECTS\KP50 History\WEB\WebKomplat5\files\reports/
Версия сборки: 2015.064.1202.1046 от 02.11.2015(104).
02.12.2015 10:46:35 (INFO): Поток 8 Остановка приложения.
02.12.2015 10:46:35 (INFO): Поток 9 Старт web-приложения
.
02.12.2015 10:46:36 (INFO): Поток 9 Старт web-приложения

Хост-адрес: net.tcp://localhost:8008/srv
Кэш: 192.168.222.135@tula_test  ()
Логин: Administrator
Директория с отчетами: C:\PROJECTS\KP50 History\WEB\WebKomplat5\files\reports/
Версия сборки: 2015.064.1202.1046 от 02.11.2015(104).
02.12.2015 13:03:43 (INFO): Поток 1 Старт web-приложения
.
02.12.2015 13:03:45 (INFO): Поток 1 Старт web-приложения

Хост-адрес: net.tcp://localhost:8008/srv
Кэш: 192.168.222.135@tula_test  ()
Логин: Administrator
Директория с отчетами: C:\PROJECTS\KP50 History\WEB\WebKomplat5\files\reports/
Версия сборки: 2015.064.1202.1303 от 02.11.2015(104).
02.12.2015 13:04:04 (INFO): Поток 9 Остановка приложения.
02.12.2015 13:04:06 (INFO): Поток 10 Старт web-приложения
.
02.12.2015 13:04:07 (INFO): Поток 10 Старт web-приложения

Хост-адрес: net.tcp://localhost:8008/srv
Кэш: 192.168.222.135@tula_test  ()
Логин: Administrator
Директория с отчетами: C:\PROJECTS\KP50 History\WEB\WebKomplat5\files\reports/
Версия сборки: 2015.064.1202.1304 от 02.11.2015(104).
02.12.2015 14:01:24 (INFO): Поток 21 Остановка приложения.
02.12.2015 16:49:17 (INFO): Поток 1 Старт web-приложения
.
02.12.2015 16:49:18 (INFO): Поток 1 Старт web-приложения

Хост-адрес: net.tcp://localhost:8008/srv
Кэш: 194.153.112.143@webtest  ()
Логин: Administrator
Директория с отчетами: C:\PROJECTS\KP50 History\WEB\WebKomplat5\files\reports/
Версия сборки: 2015.064.1202.1649 от 02.11.2015(104).
02.12.2015 16:49:50 (INFO): Поток 11 Остановка приложения.
02.12.2015 16:49:51 (INFO): Поток 14 Старт web-приложения
.
02.12.2015 16:49:53 (INFO): Поток 14 Старт web-приложения

Хост-адрес: net.tcp://localhost:8008/srv
Кэш: 194.153.112.143@webtest  ()
Логин: Administrator
Директория с отчетами: C:\PROJECTS\KP50 History\WEB\WebKomplat5\files\reports/
Версия сборки: 2015.064.1202.1649 от 02.11.2015(104).
