26.12.2015 09:56:41 (INFO): Поток 1 Старт web-приложения
.
26.12.2015 09:56:43 (INFO): Поток 1 Старт web-приложения

Хост-адрес: net.tcp://localhost:8008/srv
Кэш: localhost@tlt_301115_2  ()
Логин: Administrator
Директория с отчетами: C:\PROJECTS\KP50 History\WEB\WebKomplat5\files\reports/
Версия сборки: 2015.064.1226.0956 от 02.11.2015(104).
26.12.2015 11:07:18 (INFO): Поток 1 Старт web-приложения
.
26.12.2015 11:07:19 (INFO): Поток 1 Старт web-приложения

Хост-адрес: net.tcp://localhost:8008/srv
Кэш: localhost@tlt_301115  ()
Логин: Administrator
Директория с отчетами: C:\PROJECTS\KP50 History\WEB\WebKomplat5\files\reports/
Версия сборки: 2015.064.1226.1107 от 02.11.2015(104).
26.12.2015 11:59:53 (INFO): Поток 1 Старт web-приложения
.
26.12.2015 11:59:53 (INFO): Поток 1 Старт web-приложения

Хост-адрес: net.tcp://localhost:8008/srv
Кэш: localhost@tlt_301115_2  ()
Логин: Administrator
Директория с отчетами: C:\PROJECTS\KP50 History\WEB\WebKomplat5\files\reports/
Версия сборки: 2015.064.1226.1159 от 02.11.2015(104).
26.12.2015 12:13:57 (INFO): Поток 1 Старт web-приложения
.
26.12.2015 12:13:58 (INFO): Поток 1 Старт web-приложения

Хост-адрес: net.tcp://localhost:8008/srv
Кэш: localhost@tlt_301115  ()
Логин: Administrator
Директория с отчетами: C:\PROJECTS\KP50 History\WEB\WebKomplat5\files\reports/
Версия сборки: 2015.064.1226.1213 от 02.11.2015(104).
26.12.2015 13:57:32 (INFO): Поток 1 Старт web-приложения
.
26.12.2015 13:57:34 (INFO): Поток 1 Старт web-приложения

Хост-адрес: net.tcp://localhost:8008/srv
Кэш: localhost@tlt_301115  ()
Логин: Administrator
Директория с отчетами: C:\PROJECTS\KP50 History\WEB\WebKomplat5\files\reports/
Версия сборки: 2015.064.1226.1357 от 02.11.2015(104).
26.12.2015 14:03:29 (INFO): Поток 1 Старт web-приложения
.
26.12.2015 14:03:31 (INFO): Поток 1 Старт web-приложения

Хост-адрес: net.tcp://localhost:8008/srv
Кэш: localhost@tlt_301115  ()
Логин: Administrator
Директория с отчетами: C:\PROJECTS\KP50 History\WEB\WebKomplat5\files\reports/
Версия сборки: 2015.064.1226.1403 от 02.11.2015(104).
26.12.2015 14:07:54 (INFO): Поток 1 Старт web-приложения
.
26.12.2015 14:07:56 (INFO): Поток 1 Старт web-приложения

Хост-адрес: net.tcp://localhost:8008/srv
Кэш: localhost@tlt_301115  ()
Логин: Administrator
Директория с отчетами: C:\PROJECTS\KP50 History\WEB\WebKomplat5\files\reports/
Версия сборки: 2015.064.1226.1407 от 02.11.2015(104).
26.12.2015 14:25:49 (INFO): Поток 1 Старт web-приложения
.
26.12.2015 14:25:53 (INFO): Поток 1 Старт web-приложения

Хост-адрес: net.tcp://localhost:8008/srv
Кэш: localhost@tlt_301115  ()
Логин: Administrator
Директория с отчетами: C:\PROJECTS\KP50 History\WEB\WebKomplat5\files\reports/
Версия сборки: 2015.064.1226.1425 от 02.11.2015(104).
