13.11.2015 10:14:00 (ERROR): Поток 1 Ошибка CreateExcelReport_host
The communication object, System.ServiceModel.Channels.ServiceChannel, cannot be used for communication because it is in the Faulted state.
. 
13.11.2015 11:10:54 (ERROR): Поток 15 Ошибка MakeProtCalc() 
 The socket connection was aborted. This could be caused by an error processing your message or a receive timeout being exceeded by the remote host, or an underlying network resource issue. Local socket timeout was '00:24:59.9369964'.
. 
13.11.2015 11:10:57 (ERROR): Поток 14 Ошибка MakeProtCalc() 
 Could not connect to net.tcp://localhost:8008/srv/charge. The connection attempt lasted for a time span of 00:00:01.0100578. TCP error code 10061: Подключение не установлено, т.к. конечный компьютер отверг запрос на подключение 127.0.0.1:8008. 
. 
13.11.2015 11:32:41 (ERROR): Поток 13 Ошибка CalcChargeLs  
 The socket connection was aborted. This could be caused by an error processing your message or a receive timeout being exceeded by the remote host, or an underlying network resource issue. Local socket timeout was '00:24:59.9549974'.
. 
13.11.2015 11:33:38 (ERROR): Поток 8 Ошибка CalcChargeLs  
 The socket connection was aborted. This could be caused by an error processing your message or a receive timeout being exceeded by the remote host, or an underlying network resource issue. Local socket timeout was '00:25:00'.
. 
13.11.2015 11:47:17 (ERROR): Поток 7 Ошибка MakeProtCalc() 
 Could not connect to net.tcp://localhost:8008/srv/charge. The connection attempt lasted for a time span of 00:00:01.0170581. TCP error code 10061: Подключение не установлено, т.к. конечный компьютер отверг запрос на подключение 127.0.0.1:8008. 
. 
13.11.2015 11:47:18 (ERROR): Поток 7 Ошибка CalcChargeLs  
 There was no endpoint listening at net.tcp://localhost:8008/srv/charge that could accept the message. This is often caused by an incorrect address or SOAP action. See InnerException, if present, for more details.
. 
13.11.2015 12:47:19 (ERROR): Поток 7 Ошибка MakeProtCalc() 
 The socket connection was aborted. This could be caused by an error processing your message or a receive timeout being exceeded by the remote host, or an underlying network resource issue. Local socket timeout was '00:24:59.9959998'.
. 
13.11.2015 12:48:54 (ERROR): Поток 12 Ошибка GetOperDay
The communication object, System.ServiceModel.Channels.ServiceChannel, cannot be used for communication because it is in the Faulted state.
. 
13.11.2015 13:21:58 (ERROR): Поток 1 Ошибка CreateExcelReport_host
The communication object, System.ServiceModel.Channels.ServiceChannel, cannot be used for communication because it is in the Faulted state.
. 
13.11.2015 14:30:26 (ERROR): Поток 10 Ошибка CalcChargeLs  
 The socket connection was aborted. This could be caused by an error processing your message or a receive timeout being exceeded by the remote host, or an underlying network resource issue. Local socket timeout was '00:24:59.9559975'.
. 
13.11.2015 14:33:29 (ERROR): Поток 7 Ошибка CalcChargeLs  
 The socket connection was aborted. This could be caused by an error processing your message or a receive timeout being exceeded by the remote host, or an underlying network resource issue. Local socket timeout was '00:24:59.9990000'.
. 
13.11.2015 14:37:12 (ERROR): Поток 16 Ошибка CalcChargeLs  
 The socket connection was aborted. This could be caused by an error processing your message or a receive timeout being exceeded by the remote host, or an underlying network resource issue. Local socket timeout was '00:24:59.9989999'.
. 
13.11.2015 14:47:13 (ERROR): Поток 5 Ошибка CalcChargeLs  
 The socket connection was aborted. This could be caused by an error processing your message or a receive timeout being exceeded by the remote host, or an underlying network resource issue. Local socket timeout was '00:24:59.9990000'.
. 
13.11.2015 15:12:33 (ERROR): Поток 8 Ошибка CalcChargeLs  
 The socket connection was aborted. This could be caused by an error processing your message or a receive timeout being exceeded by the remote host, or an underlying network resource issue. Local socket timeout was '00:24:59.9579976'.
. 
