13.11.2015 10:13:53 (INFO): Поток 1 Старт web-приложения
.
13.11.2015 10:13:54 (INFO): Поток 1 Старт web-приложения

Хост-адрес: net.tcp://localhost:8008/srv
Кэш: 192.168.222.135@tula_test  ()
Логин: Administrator
Директория с отчетами: C:\PROJECTS\KP50 History\WEB\WebKomplat5\files\reports/
Версия сборки: 2015.064.1113.1013 от 02.11.2015(104).
13.11.2015 12:46:00 (INFO): Поток 1 Старт web-приложения
.
13.11.2015 12:46:03 (INFO): Поток 1 Старт web-приложения

Хост-адрес: net.tcp://localhost:8008/srv
Кэш: 192.168.222.135@tula_test  ()
Логин: Administrator
Директория с отчетами: C:\PROJECTS\KP50 History\WEB\WebKomplat5\files\reports/
Версия сборки: 2015.064.1113.1246 от 02.11.2015(104).
13.11.2015 13:21:39 (INFO): Поток 1 Старт web-приложения
.
13.11.2015 13:21:41 (INFO): Поток 1 Старт web-приложения

Хост-адрес: net.tcp://localhost:8008/srv
Кэш: 192.168.222.135@tula_test  ()
Логин: Administrator
Директория с отчетами: C:\PROJECTS\KP50 History\WEB\WebKomplat5\files\reports/
Версия сборки: 2015.064.1113.1321 от 02.11.2015(104).
13.11.2015 15:34:10 (INFO): Поток 16 Остановка приложения.
13.11.2015 16:20:42 (INFO): Поток 1 Старт web-приложения
.
13.11.2015 16:20:43 (INFO): Поток 1 Старт web-приложения

Хост-адрес: net.tcp://localhost:8008/srv
Кэш: 192.168.222.135@tula_test  ()
Логин: Administrator
Директория с отчетами: C:\PROJECTS\KP50 History\WEB\WebKomplat5\files\reports/
Версия сборки: 2015.064.1113.1620 от 22.10.2015(103).
