15.12.2015 10:11:51 (INFO): Поток 1 Старт web-приложения
.
15.12.2015 10:11:51 (INFO): Поток 1 Старт web-приложения

Хост-адрес: net.tcp://localhost:8008/srv
Кэш: localhost@tlt_131015  ()
Логин: Administrator
Директория с отчетами: C:\PROJECTS\Billing.GKH.KP50\Dev\WEB\WebKomplat5\files\reports/
Версия сборки: 2015.064.1215.1011 от 02.11.2015(104).
15.12.2015 10:12:57 (INFO): Поток 1 Старт web-приложения
.
15.12.2015 10:12:59 (INFO): Поток 1 Старт web-приложения

Хост-адрес: net.tcp://localhost:8008/srv
Кэш: localhost@tlt_131015  ()
Логин: Administrator
Директория с отчетами: C:\PROJECTS\Billing.GKH.KP50\Dev\WEB\WebKomplat5\files\reports/
Версия сборки: 2015.064.1215.1012 от 02.11.2015(104).
15.12.2015 12:54:54 (INFO): Поток 1 Старт web-приложения
.
15.12.2015 12:54:56 (INFO): Поток 1 Старт web-приложения

Хост-адрес: net.tcp://localhost:8008/srv
Кэш: localhost@tlt_301115  ()
Логин: Administrator
Директория с отчетами: C:\PROJECTS\KP50 History\WEB\WebKomplat5\files\reports/
Версия сборки: 2015.064.1215.1254 от 02.11.2015(104).
