09.11.2015 10:18:05 (INFO): Поток 1 Старт web-приложения
.
09.11.2015 10:18:07 (INFO): Поток 1 Старт web-приложения

Хост-адрес: net.tcp://localhost:8008/srv
Кэш: 192.168.222.135@tula_test  ()
Логин: Administrator
Директория с отчетами: C:\PROJECTS\KP50 History\WEB\WebKomplat5\files\reports/
Версия сборки: 2015.064.1109.1018 от 22.10.2015(103).
09.11.2015 12:38:33 (INFO): Поток 1 Старт web-приложения
.
09.11.2015 12:38:35 (INFO): Поток 1 Старт web-приложения

Хост-адрес: net.tcp://localhost:8008/srv
Кэш: 192.168.222.135@tula_test  ()
Логин: Administrator
Директория с отчетами: C:\PROJECTS\KP50 History\WEB\WebKomplat5\files\reports/
Версия сборки: 2015.064.1109.1238 от 02.11.2015(104).
09.11.2015 12:39:10 (INFO): Поток 1 Старт web-приложения
.
09.11.2015 12:39:12 (INFO): Поток 1 Старт web-приложения

Хост-адрес: net.tcp://localhost:8008/srv
Кэш: 192.168.222.135@tula_test  ()
Логин: Administrator
Директория с отчетами: C:\PROJECTS\KP50 History\WEB\WebKomplat5\files\reports/
Версия сборки: 2015.064.1109.1239 от 02.11.2015(104).
09.11.2015 12:41:30 (INFO): Поток 13 Остановка приложения.
