25.12.2015 11:23:59 (INFO): Поток 1 Старт web-приложения
.
25.12.2015 11:23:59 (INFO): Поток 1 Старт web-приложения

Хост-адрес: net.tcp://localhost:8008/srv
Кэш: localhost@tlt_301115  ()
Логин: Administrator
Директория с отчетами: C:\PROJECTS\KP50 History\WEB\WebKomplat5\files\reports/
Версия сборки: 2015.064.1225.1123 от 02.11.2015(104).
25.12.2015 12:25:23 (INFO): Поток 1 Старт web-приложения
.
25.12.2015 12:25:25 (INFO): Поток 1 Старт web-приложения

Хост-адрес: net.tcp://localhost:8008/srv
Кэш: localhost@tlt_301115  ()
Логин: Administrator
Директория с отчетами: C:\PROJECTS\KP50 History\WEB\WebKomplat5\files\reports/
Версия сборки: 2015.064.1225.1225 от 02.11.2015(104).
25.12.2015 15:36:04 (INFO): Поток 1 Старт web-приложения
.
25.12.2015 15:36:05 (INFO): Поток 1 Старт web-приложения

Хост-адрес: net.tcp://localhost:8008/srv
Кэш: localhost@tlt_301115  ()
Логин: Administrator
Директория с отчетами: C:\PROJECTS\KP50 History\WEB\WebKomplat5\files\reports/
Версия сборки: 2015.064.1225.1536 от 02.11.2015(104).
25.12.2015 16:24:04 (INFO): Поток 1 Старт web-приложения
.
25.12.2015 16:24:05 (INFO): Поток 1 Старт web-приложения

Хост-адрес: net.tcp://localhost:8008/srv
Кэш: localhost@tlt_301115  ()
Логин: Administrator
Директория с отчетами: C:\PROJECTS\KP50 History\WEB\WebKomplat5\files\reports/
Версия сборки: 2015.064.1225.1624 от 02.11.2015(104).
25.12.2015 17:05:06 (INFO): Поток 1 Старт web-приложения
.
25.12.2015 17:05:07 (INFO): Поток 1 Старт web-приложения

Хост-адрес: net.tcp://localhost:8008/srv
Кэш: localhost@tlt_301115  ()
Логин: Administrator
Директория с отчетами: C:\PROJECTS\KP50 History\WEB\WebKomplat5\files\reports/
Версия сборки: 2015.064.1225.1705 от 02.11.2015(104).
