18.11.2015 09:52:09 (ERROR): Поток 1 Ошибка CreateExcelReport_host
The communication object, System.ServiceModel.Channels.ServiceChannel, cannot be used for communication because it is in the Faulted state.
. 
18.11.2015 11:02:58 (ERROR): Поток 12 Ошибка CalcChargeLs  
 The socket connection was aborted. This could be caused by an error processing your message or a receive timeout being exceeded by the remote host, or an underlying network resource issue. Local socket timeout was '00:24:59.9990000'.
. 
18.11.2015 12:16:04 (ERROR): Поток 1 Ошибка CreateExcelReport_host
The communication object, System.ServiceModel.Channels.ServiceChannel, cannot be used for communication because it is in the Faulted state.
. 
18.11.2015 12:44:18 (ERROR): Поток 18 Ошибка LoadDownloadedReestrList
The communication object, System.ServiceModel.Channels.ServiceChannel, cannot be used for communication because it is in the Faulted state.
. 
18.11.2015 12:52:54 (ERROR): Поток 10 Ошибка GetPack
The communication object, System.ServiceModel.Channels.ServiceChannel, cannot be used for communication because it is in the Faulted state.
. 
18.11.2015 13:15:55 (ERROR): Поток 17 Ошибка LoadDownloadedReestrList
The communication object, System.ServiceModel.Channels.ServiceChannel, cannot be used for communication because it is in the Faulted state.
. 
18.11.2015 13:15:59 (ERROR): Поток 10 Ошибка LoadDownloadedReestrList
The communication object, System.ServiceModel.Channels.ServiceChannel, cannot be used for communication because it is in the Faulted state.
. 
18.11.2015 15:14:08 (ERROR): Поток 25 Ошибка CalcChargeLs  
 The socket connection was aborted. This could be caused by an error processing your message or a receive timeout being exceeded by the remote host, or an underlying network resource issue. Local socket timeout was '00:24:59.9589977'.
. 
18.11.2015 16:02:58 (ERROR): Поток 15 Ошибка открытия Proxy _cli_Fon по адресу net.tcp://localhost:8008/srv/fon. Сервер <локально> (Код РЦ 0) (Код сервера 0): Could not connect to net.tcp://localhost:8008/srv/fon. The connection attempt lasted for a time span of 00:00:01.0220585. TCP error code 10061: Подключение не установлено, т.к. конечный компьютер отверг запрос на подключение 127.0.0.1:8008. 
. 
18.11.2015 16:02:58 (ERROR): Поток 15 Ошибка GetState  
 The communication object, System.ServiceModel.Channels.ServiceChannel, cannot be used for communication because it is in the Faulted state.
. 
18.11.2015 16:03:04 (ERROR): Поток 18 Ошибка открытия Proxy _cli_Fon по адресу net.tcp://localhost:8008/srv/fon. Сервер <локально> (Код РЦ 0) (Код сервера 0): Could not connect to net.tcp://localhost:8008/srv/fon. The connection attempt lasted for a time span of 00:00:01.0200583. TCP error code 10061: Подключение не установлено, т.к. конечный компьютер отверг запрос на подключение 127.0.0.1:8008. 
. 
18.11.2015 16:03:04 (ERROR): Поток 18 Ошибка GetState  
 The communication object, System.ServiceModel.Channels.ServiceChannel, cannot be used for communication because it is in the Faulted state.
. 
18.11.2015 17:31:05 (ERROR): Поток 1 Ошибка CreateExcelReport_host
The communication object, System.ServiceModel.Channels.ServiceChannel, cannot be used for communication because it is in the Faulted state.
. 
