18.11.2015 09:52:05 (INFO): Поток 1 Старт web-приложения
.
18.11.2015 09:52:06 (INFO): Поток 1 Старт web-приложения

Хост-адрес: net.tcp://localhost:8008/srv
Кэш: 192.168.222.135@tula_test  ()
Логин: Administrator
Директория с отчетами: C:\PROJECTS\KP50 History\WEB\WebKomplat5\files\reports/
Версия сборки: 2015.064.1118.0952 от 02.11.2015(104).
18.11.2015 10:51:37 (INFO): Поток 1 Старт web-приложения
.
18.11.2015 10:51:37 (INFO): Поток 1 Старт web-приложения

Хост-адрес: net.tcp://localhost:8008/srv
Кэш: 192.168.222.135@tula_test  ()
Логин: Administrator
Директория с отчетами: C:\PROJECTS\KP50 History\WEB\WebKomplat5\files\reports/
Версия сборки: 2015.064.1118.1051 от 02.11.2015(104).
18.11.2015 12:15:58 (INFO): Поток 1 Старт web-приложения
.
18.11.2015 12:16:00 (INFO): Поток 1 Старт web-приложения

Хост-адрес: net.tcp://localhost:8008/srv
Кэш: 192.168.222.135@tula_test  ()
Логин: Administrator
Директория с отчетами: C:\PROJECTS\KP50 History\WEB\WebKomplat5\files\reports/
Версия сборки: 2015.064.1118.1215 от 22.10.2015(103).
18.11.2015 14:57:59 (INFO): Поток 1 Старт web-приложения
.
18.11.2015 14:58:00 (INFO): Поток 1 Старт web-приложения

Хост-адрес: net.tcp://localhost:8008/srv
Кэш: 192.168.222.135@tula_test  ()
Логин: Administrator
Директория с отчетами: C:\PROJECTS\KP50 History\WEB\WebKomplat5\files\reports/
Версия сборки: 2015.064.1118.1457 от 02.11.2015(104).
18.11.2015 14:58:06 (INFO): Поток 9 Остановка приложения.
18.11.2015 14:58:07 (INFO): Поток 5 Старт web-приложения
.
18.11.2015 14:58:07 (INFO): Поток 5 Старт web-приложения

Хост-адрес: net.tcp://localhost:8008/srv
Кэш: 192.168.222.135@tula_test  ()
Логин: Administrator
Директория с отчетами: C:\PROJECTS\KP50 History\WEB\WebKomplat5\files\reports/
Версия сборки: 2015.064.1118.1458 от 02.11.2015(104).
18.11.2015 17:30:58 (INFO): Поток 1 Старт web-приложения
.
18.11.2015 17:30:59 (INFO): Поток 1 Старт web-приложения

Хост-адрес: net.tcp://localhost:8008/srv
Кэш: 192.168.222.135@tula_test  ()
Логин: Administrator
Директория с отчетами: C:\PROJECTS\KP50 History\WEB\WebKomplat5\files\reports/
Версия сборки: 2015.064.1118.1730 от 02.11.2015(104).
18.11.2015 17:31:59 (INFO): Поток 9 Остановка приложения.
18.11.2015 17:32:11 (INFO): Поток 16 Старт web-приложения
.
18.11.2015 17:32:12 (INFO): Поток 16 Старт web-приложения

Хост-адрес: net.tcp://localhost:8008/srv
Кэш: 192.168.222.135@tula_test  ()
Логин: Administrator
Директория с отчетами: C:\PROJECTS\KP50 History\WEB\WebKomplat5\files\reports/
Версия сборки: 2015.064.1118.1732 от 02.11.2015(104).
