01.12.2015 15:36:47 (INFO): Поток 1 Старт web-приложения
.
01.12.2015 15:36:48 (INFO): Поток 1 Старт web-приложения

Хост-адрес: net.tcp://localhost:8008/srv
Кэш: localhost@tlt_301115  ()
Логин: Administrator
Директория с отчетами: C:\PROJECTS\KP50 History\WEB\WebKomplat5\files\reports/
Версия сборки: 2015.064.1201.1536 от 29.06.2015.
01.12.2015 19:57:40 (INFO): Поток 1 Старт web-приложения
.
01.12.2015 19:57:42 (INFO): Поток 1 Старт web-приложения

Хост-адрес: net.tcp://localhost:8008/srv
Кэш: localhost@tlt_301115  ()
Логин: Administrator
Директория с отчетами: C:\PROJECTS\KP50 History\WEB\WebKomplat5\files\reports/
Версия сборки: 2015.064.1201.1957 от 29.06.2015.
01.12.2015 19:57:46 (INFO): Поток 9 Остановка приложения.
01.12.2015 19:57:46 (INFO): Поток 1 Старт web-приложения
.
01.12.2015 19:57:48 (INFO): Поток 1 Старт web-приложения

Хост-адрес: net.tcp://localhost:8008/srv
Кэш: localhost@tlt_301115  ()
Логин: Administrator
Директория с отчетами: C:\PROJECTS\KP50 History\WEB\WebKomplat5\files\reports/
Версия сборки: 2015.064.1201.1957 от 29.06.2015.
