04.12.2015 09:32:22 (INFO): Поток 1 Старт web-приложения
.
04.12.2015 09:32:24 (INFO): Поток 1 Старт web-приложения

Хост-адрес: net.tcp://localhost:8008/srv
Кэш: localhost@kursk  ()
Логин: Administrator
Директория с отчетами: C:\PROJECTS\KP50 History\WEB\WebKomplat5\files\reports/
Версия сборки: 2015.064.1204.0932 от 02.11.2015(104).
04.12.2015 10:05:59 (INFO): Поток 1 Старт web-приложения
.
04.12.2015 10:05:59 (INFO): Поток 1 Старт web-приложения

Хост-адрес: net.tcp://localhost:8008/srv
Кэш: localhost@kursk  ()
Логин: Administrator
Директория с отчетами: C:\PROJECTS\KP50 History\WEB\WebKomplat5\files\reports/
Версия сборки: 2015.064.1204.1005 от 02.11.2015(104).
04.12.2015 10:41:39 (INFO): Поток 1 Старт web-приложения
.
04.12.2015 10:41:40 (INFO): Поток 1 Старт web-приложения

Хост-адрес: net.tcp://localhost:8008/srv
Кэш: 192.168.222.135@tula_test  ()
Логин: Administrator
Директория с отчетами: C:\PROJECTS\KP50 History\WEB\WebKomplat5\files\reports/
Версия сборки: 2015.064.1204.1041 от 02.11.2015(104).
04.12.2015 10:43:19 (INFO): Поток 1 Старт web-приложения
.
04.12.2015 10:43:23 (INFO): Поток 1 Старт web-приложения

Хост-адрес: net.tcp://localhost:8008/srv
Кэш: localhost@tlt_301115  ()
Логин: Administrator
Директория с отчетами: C:\PROJECTS\KP50 History\WEB\WebKomplat5\files\reports/
Версия сборки: 2015.064.1204.1043 от 02.11.2015(104).
04.12.2015 10:44:29 (INFO): Поток 1 Старт web-приложения
.
04.12.2015 10:44:34 (INFO): Поток 1 Старт web-приложения

Хост-адрес: net.tcp://localhost:8008/srv
Кэш: localhost@tlt_131015  ()
Логин: Administrator
Директория с отчетами: C:\PROJECTS\Billing.GKH.KP50\Dev\WEB\WebKomplat5\files\reports/
Версия сборки: 2015.064.1204.1044 от 02.11.2015(104).
04.12.2015 11:16:28 (INFO): Поток 1 Старт web-приложения
.
04.12.2015 11:16:30 (INFO): Поток 1 Старт web-приложения

Хост-адрес: net.tcp://localhost:8008/srv
Кэш: localhost@kursk  ()
Логин: Administrator
Директория с отчетами: C:\PROJECTS\KP50 History\WEB\WebKomplat5\files\reports/
Версия сборки: 2015.064.1204.1116 от 02.11.2015(104).
04.12.2015 11:28:12 (INFO): Поток 1 Старт web-приложения
.
04.12.2015 11:28:13 (INFO): Поток 1 Старт web-приложения

Хост-адрес: net.tcp://localhost:8008/srv
Кэш: localhost@tlt_301115  ()
Логин: Administrator
Директория с отчетами: C:\PROJECTS\KP50 History\WEB\WebKomplat5\files\reports/
Версия сборки: 2015.064.1204.1128 от 29.06.2015.
04.12.2015 11:50:48 (INFO): Поток 1 Старт web-приложения
.
04.12.2015 11:50:49 (INFO): Поток 1 Старт web-приложения

Хост-адрес: net.tcp://localhost:8008/srv
Кэш: localhost@tlt_301115  ()
Логин: Administrator
Директория с отчетами: C:\PROJECTS\KP50 History\WEB\WebKomplat5\files\reports/
Версия сборки: 2015.064.1204.1150 от 02.11.2015(104).
04.12.2015 12:02:04 (INFO): Поток 1 Старт web-приложения
.
04.12.2015 12:02:07 (INFO): Поток 1 Старт web-приложения

Хост-адрес: net.tcp://localhost:8008/srv
Кэш: localhost@tlt_301115  ()
Логин: Administrator
Директория с отчетами: C:\PROJECTS\KP50 History\WEB\WebKomplat5\files\reports/
Версия сборки: 2015.064.1204.1202 от 29.06.2015.
04.12.2015 13:09:08 (INFO): Поток 1 Старт web-приложения
.
04.12.2015 13:09:09 (INFO): Поток 1 Старт web-приложения

Хост-адрес: net.tcp://localhost:8008/srv
Кэш: localhost@tlt_301115  ()
Логин: Administrator
Директория с отчетами: C:\PROJECTS\KP50 History\WEB\WebKomplat5\files\reports/
Версия сборки: 2015.064.1204.1309 от 29.06.2015.
04.12.2015 13:44:40 (INFO): Поток 1 Старт web-приложения
.
04.12.2015 13:44:42 (INFO): Поток 1 Старт web-приложения

Хост-адрес: net.tcp://localhost:8008/srv
Кэш: localhost@tlt_131015  ()
Логин: Administrator
Директория с отчетами: C:\PROJECTS\Billing.GKH.KP50\Dev\WEB\WebKomplat5\files\reports/
Версия сборки: 2015.064.1204.1344 от 02.11.2015(104).
04.12.2015 13:53:11 (INFO): Поток 1 Старт web-приложения
.
04.12.2015 13:53:12 (INFO): Поток 1 Старт web-приложения

Хост-адрес: net.tcp://localhost:8008/srv
Кэш: localhost@tlt_131015  ()
Логин: Administrator
Директория с отчетами: C:\PROJECTS\Billing.GKH.KP50\Dev\WEB\WebKomplat5\files\reports/
Версия сборки: 2015.064.1204.1353 от 02.11.2015(104).
04.12.2015 20:56:41 (INFO): Поток 1 Старт web-приложения
.
04.12.2015 20:56:42 (INFO): Поток 1 Старт web-приложения

Хост-адрес: net.tcp://localhost:8008/srv
Кэш: localhost@tlt_301115  ()
Логин: Administrator
Директория с отчетами: C:\PROJECTS\KP50 History\WEB\WebKomplat5\files\reports/
Версия сборки: 2015.064.1204.2056 от 29.06.2015.
