28.12.2015 10:55:50 (ERROR): Поток 1 Ошибка CreateExcelReport_host
The communication object, System.ServiceModel.Channels.ServiceChannel, cannot be used for communication because it is in the Faulted state.
. 
28.12.2015 10:56:05 (ERROR): Поток 13 Ошибка GetUser
The communication object, System.ServiceModel.Channels.ServiceChannel, cannot be used for communication because it is in the Faulted state.
. 
28.12.2015 10:56:21 (ERROR): Поток 13 Ошибка GetUser
The communication object, System.ServiceModel.Channels.ServiceChannel, cannot be used for communication because it is in the Faulted state.
. 
28.12.2015 10:56:23 (ERROR): Поток 15 Ошибка CreateExcelReport_host
The communication object, System.ServiceModel.Channels.ServiceChannel, cannot be used for communication because it is in the Faulted state.
. 
28.12.2015 10:56:24 (ERROR): Поток 15 Ошибка GetUser
The communication object, System.ServiceModel.Channels.ServiceChannel, cannot be used for communication because it is in the Faulted state.
. 
28.12.2015 10:56:25 (ERROR): Поток 15 Ошибка GetOperDay
The communication object, System.ServiceModel.Channels.ServiceChannel, cannot be used for communication because it is in the Faulted state.
. 
28.12.2015 10:56:26 (ERROR): Поток 15 Ошибка GetArea 
  The communication object, System.ServiceModel.Channels.ServiceChannel, cannot be used for communication because it is in the Faulted state.
. 
28.12.2015 10:56:27 (ERROR): Поток 15 Ошибка GetGeu
The communication object, System.ServiceModel.Channels.ServiceChannel, cannot be used for communication because it is in the Faulted state.
. 
28.12.2015 10:56:28 (ERROR): Поток 15 Ошибка LoadTown
The communication object, System.ServiceModel.Channels.ServiceChannel, cannot be used for communication because it is in the Faulted state.
. 
28.12.2015 10:56:30 (ERROR): Поток 15 Ошибка ResYLoad
The communication object, System.ServiceModel.Channels.ServiceChannel, cannot be used for communication because it is in the Faulted state.
. 
28.12.2015 11:07:26 (ERROR): Поток 8 Ошибка CalcChargeLs  
 The socket connection was aborted. This could be caused by an error processing your message or a receive timeout being exceeded by the remote host, or an underlying network resource issue. Local socket timeout was '00:24:59.9989999'.
. 
28.12.2015 11:15:18 (ERROR): Поток 10 Ошибка CalcChargeLs  
 Error while reading message framing format at position 2 of stream (state: Start)
. 
28.12.2015 11:25:57 (ERROR): Поток 11 Ошибка CalcChargeLs  
 The socket connection was aborted. This could be caused by an error processing your message or a receive timeout being exceeded by the remote host, or an underlying network resource issue. Local socket timeout was '00:24:59.9989999'.
. 
28.12.2015 11:54:31 (ERROR): Поток 8 Ошибка CalcChargeLs  
 The socket connection was aborted. This could be caused by an error processing your message or a receive timeout being exceeded by the remote host, or an underlying network resource issue. Local socket timeout was '00:25:00'.
. 
28.12.2015 11:56:51 (ERROR): Поток 5 Ошибка CalcChargeLs  
 Error while reading message framing format at position 2 of stream (state: Start)
. 
28.12.2015 12:27:23 (ERROR): Поток 13 Ошибка CalcChargeLs  
 This request operation sent to net.tcp://localhost:8008/srv/charge did not receive a reply within the configured timeout (00:25:00).  The time allotted to this operation may have been a portion of a longer timeout.  This may be because the service is still processing the operation or because the service was unable to send a reply message.  Please consider increasing the operation timeout (by casting the channel/proxy to IContextChannel and setting the OperationTimeout property) and ensure that the service is able to connect to the client.
. 
28.12.2015 13:01:53 (ERROR): Поток 8 Ошибка CalcChargeLs  
 The socket connection was aborted. This could be caused by an error processing your message or a receive timeout being exceeded by the remote host, or an underlying network resource issue. Local socket timeout was '00:24:59.9359963'.
. 
28.12.2015 13:34:09 (ERROR): Поток 14 Ошибка CalcChargeLs  
 The socket connection was aborted. This could be caused by an error processing your message or a receive timeout being exceeded by the remote host, or an underlying network resource issue. Local socket timeout was '00:24:59.9639979'.
. 
28.12.2015 13:36:24 (ERROR): Поток 5 Ошибка CalcChargeLs  
 The socket connection was aborted. This could be caused by an error processing your message or a receive timeout being exceeded by the remote host, or an underlying network resource issue. Local socket timeout was '00:24:59.9989999'.
. 
28.12.2015 13:37:53 (ERROR): Поток 12 Ошибка CalcChargeLs  
 The socket connection was aborted. This could be caused by an error processing your message or a receive timeout being exceeded by the remote host, or an underlying network resource issue. Local socket timeout was '00:24:59.9989999'.
. 
28.12.2015 14:59:30 (ERROR): Поток 1 Ошибка CreateExcelReport_host
The communication object, System.ServiceModel.Channels.ServiceChannel, cannot be used for communication because it is in the Faulted state.
. 
