28.12.2015 10:55:44 (INFO): Поток 1 Старт web-приложения
.
28.12.2015 10:55:46 (INFO): Поток 1 Старт web-приложения

Хост-адрес: net.tcp://localhost:8008/srv
Кэш: 192.168.141.17@w120615  ()
Логин: Administrator
Директория с отчетами: C:\PROJECTS\KP50 History\WEB\WebKomplat5\files\reports/
Версия сборки: 2015.064.1228.1055 от 02.11.2015(104).
28.12.2015 13:42:37 (INFO): Поток 1 Старт web-приложения
.
28.12.2015 13:42:40 (INFO): Поток 1 Старт web-приложения

Хост-адрес: net.tcp://localhost:8008/srv
Кэш: localhost@tlt_301115  ()
Логин: Administrator
Директория с отчетами: C:\PROJECTS\KP50 History\WEB\WebKomplat5\files\reports/
Версия сборки: 2015.064.1228.1342 от 02.11.2015(104).
28.12.2015 13:47:40 (INFO): Поток 1 Старт web-приложения
.
28.12.2015 13:47:42 (INFO): Поток 1 Старт web-приложения

Хост-адрес: net.tcp://localhost:8008/srv
Кэш: 192.168.141.17@w120615  ()
Логин: Administrator
Директория с отчетами: C:\PROJECTS\KP50 History\WEB\WebKomplat5\files\reports/
Версия сборки: 2015.064.1228.1347 от 02.11.2015(104).
28.12.2015 14:16:39 (INFO): Поток 1 Старт web-приложения
.
28.12.2015 14:16:42 (INFO): Поток 1 Старт web-приложения

Хост-адрес: net.tcp://localhost:8008/srv
Кэш: 192.168.141.17@w120615  ()
Логин: Administrator
Директория с отчетами: C:\PROJECTS\KP50 History\WEB\WebKomplat5\files\reports/
Версия сборки: 2015.064.1228.1416 от 02.11.2015(104).
28.12.2015 14:59:24 (INFO): Поток 1 Старт web-приложения
.
28.12.2015 14:59:26 (INFO): Поток 1 Старт web-приложения

Хост-адрес: net.tcp://localhost:8008/srv
Кэш: 192.168.141.17@w120615  ()
Логин: Administrator
Директория с отчетами: C:\PROJECTS\KP50 History\WEB\WebKomplat5\files\reports/
Версия сборки: 2015.064.1228.1459 от 02.11.2015(104).
