11.11.2015 13:04:29 (INFO): Поток 1 Старт web-приложения
.
11.11.2015 13:04:29 (INFO): Поток 1 Старт web-приложения

Хост-адрес: net.tcp://localhost:8008/srv
Кэш: 192.168.222.135@tula_test  ()
Логин: Administrator
Директория с отчетами: C:\PROJECTS\KP50 History\WEB\WebKomplat5\files\reports/
Версия сборки: 2015.064.1111.1304 от 02.11.2015(104).
11.11.2015 13:05:56 (INFO): Поток 1 Старт web-приложения
.
11.11.2015 13:05:57 (INFO): Поток 1 Старт web-приложения

Хост-адрес: net.tcp://localhost:8008/srv
Кэш: 192.168.222.135@tula_test  ()
Логин: Administrator
Директория с отчетами: C:\PROJECTS\KP50 History\WEB\WebKomplat5\files\reports/
Версия сборки: 2015.064.1111.1305 от 02.11.2015(104).
11.11.2015 14:46:16 (INFO): Поток 1 Старт web-приложения
.
11.11.2015 14:46:17 (INFO): Поток 1 Старт web-приложения

Хост-адрес: net.tcp://localhost:8008/srv
Кэш: 192.168.222.135@tula_test  ()
Логин: Administrator
Директория с отчетами: C:\PROJECTS\KP50 History\WEB\WebKomplat5\files\reports/
Версия сборки: 2015.064.1111.1446 от 02.11.2015(104).
