20.12.2015 10:40:19 (INFO): Поток 1 Старт web-приложения
.
20.12.2015 10:40:20 (INFO): Поток 1 Старт web-приложения

Хост-адрес: net.tcp://localhost:8008/srv
Кэш: 192.168.222.135@tula_test  ()
Логин: Administrator
Директория с отчетами: C:\PROJECTS\KP50 History\WEB\WebKomplat5\files\reports/
Версия сборки: 2015.064.1220.1040 от 02.11.2015(104).
20.12.2015 10:58:02 (INFO): Поток 1 Старт web-приложения
.
20.12.2015 10:58:03 (INFO): Поток 1 Старт web-приложения

Хост-адрес: net.tcp://localhost:8008/srv
Кэш: 192.168.222.135@tula_test  ()
Логин: Administrator
Директория с отчетами: C:\PROJECTS\KP50 History\WEB\WebKomplat5\files\reports/
Версия сборки: 2015.064.1220.1058 от 02.11.2015(104).
20.12.2015 11:06:22 (INFO): Поток 1 Старт web-приложения
.
20.12.2015 11:06:22 (INFO): Поток 1 Старт web-приложения

Хост-адрес: net.tcp://localhost:8008/srv
Кэш: 192.168.222.135@tula_test  ()
Логин: Administrator
Директория с отчетами: C:\PROJECTS\KP50 History\WEB\WebKomplat5\files\reports/
Версия сборки: 2015.064.1220.1106 от 02.11.2015(104).
